android/app/build/intermediates/manifest_merge_blame_file/debug/manifest-merger-blame-debug-report.txt
1<?xml version="1.0" encoding="utf-8"?>
2<manifest xmlns:android="http://schemas.android.com/apk/res/android"
3    package="com.tasky"
4    android:versionCode="1"
5    android:versionName="1.0" >
6
7    <uses-sdk
8        android:minSdkVersion="21"
9        android:targetSdkVersion="30" />
10
11    <uses-permission android:name="android.permission.SYSTEM_ALERT_WINDOW" />
11-->src/debug/AndroidManifest.xml:5:5-77
11-->src/debug/AndroidManifest.xml:5:22-75
12    <uses-permission android:name="android.permission.INTERNET" />
12-->src/main/AndroidManifest.xml:4:5-67
12-->src/main/AndroidManifest.xml:4:22-64
13    <uses-permission android:name="android.permission.RECEIVE_BOOT_COMPLETED" />
13-->src/main/AndroidManifest.xml:5:5-81
13-->src/main/AndroidManifest.xml:5:22-78
14    <uses-permission android:name="android.permission.VIBRATE" />
14-->src/main/AndroidManifest.xml:6:5-66
14-->src/main/AndroidManifest.xml:6:22-63
15    <uses-permission android:name="android.permission.ACCESS_WIFI_STATE" />
15-->[com.facebook.flipper:flipper:0.99.0] AndroidManifest.xml:16:5-76
15-->[com.facebook.flipper:flipper:0.99.0] AndroidManifest.xml:16:22-73
16    <uses-permission android:name="android.permission.WAKE_LOCK" />
16-->[:react-native-firebase_auth] AndroidManifest.xml:10:5-68
16-->[:react-native-firebase_auth] AndroidManifest.xml:10:22-65
17    <uses-permission android:name="android.permission.ACCESS_NETWORK_STATE" /> <!-- Required by older versions of Google Play services to create IID tokens -->
17-->[:react-native-firebase_auth] AndroidManifest.xml:11:5-79
17-->[:react-native-firebase_auth] AndroidManifest.xml:11:22-76
18    <uses-permission android:name="com.google.android.c2dm.permission.RECEIVE" /> <!-- for android -->
18-->[com.google.firebase:firebase-messaging:23.0.0] AndroidManifest.xml:25:5-82
18-->[com.google.firebase:firebase-messaging:23.0.0] AndroidManifest.xml:25:22-79
19    <!-- <uses-permission android:name="com.android.launcher.permission.READ_SETTINGS"/> -->
20    <!-- <uses-permission android:name="com.android.launcher.permission.WRITE_SETTINGS"/> -->
21    <!-- <uses-permission android:name="com.android.launcher.permission.INSTALL_SHORTCUT" /> -->
22    <!-- <uses-permission android:name="com.android.launcher.permission.UNINSTALL_SHORTCUT" /> -->
23    <!-- for Samsung -->
24    <uses-permission android:name="com.sec.android.provider.badge.permission.READ" />
24-->[me.leolin:ShortcutBadger:1.1.22] AndroidManifest.xml:19:5-86
24-->[me.leolin:ShortcutBadger:1.1.22] AndroidManifest.xml:19:22-83
25    <uses-permission android:name="com.sec.android.provider.badge.permission.WRITE" /> <!-- for htc -->
25-->[me.leolin:ShortcutBadger:1.1.22] AndroidManifest.xml:20:5-87
25-->[me.leolin:ShortcutBadger:1.1.22] AndroidManifest.xml:20:22-84
26    <uses-permission android:name="com.htc.launcher.permission.READ_SETTINGS" />
26-->[me.leolin:ShortcutBadger:1.1.22] AndroidManifest.xml:23:5-81
26-->[me.leolin:ShortcutBadger:1.1.22] AndroidManifest.xml:23:22-78
27    <uses-permission android:name="com.htc.launcher.permission.UPDATE_SHORTCUT" /> <!-- for sony -->
27-->[me.leolin:ShortcutBadger:1.1.22] AndroidManifest.xml:24:5-83
27-->[me.leolin:ShortcutBadger:1.1.22] AndroidManifest.xml:24:22-80
28    <uses-permission android:name="com.sonyericsson.home.permission.BROADCAST_BADGE" />
28-->[me.leolin:ShortcutBadger:1.1.22] AndroidManifest.xml:27:5-88
28-->[me.leolin:ShortcutBadger:1.1.22] AndroidManifest.xml:27:22-85
29    <uses-permission android:name="com.sonymobile.home.permission.PROVIDER_INSERT_BADGE" /> <!-- for apex -->
29-->[me.leolin:ShortcutBadger:1.1.22] AndroidManifest.xml:28:5-92
29-->[me.leolin:ShortcutBadger:1.1.22] AndroidManifest.xml:28:22-89
30    <uses-permission android:name="com.anddoes.launcher.permission.UPDATE_COUNT" /> <!-- for solid -->
30-->[me.leolin:ShortcutBadger:1.1.22] AndroidManifest.xml:31:5-84
30-->[me.leolin:ShortcutBadger:1.1.22] AndroidManifest.xml:31:22-81
31    <uses-permission android:name="com.majeur.launcher.permission.UPDATE_BADGE" /> <!-- for huawei -->
31-->[me.leolin:ShortcutBadger:1.1.22] AndroidManifest.xml:34:5-83
31-->[me.leolin:ShortcutBadger:1.1.22] AndroidManifest.xml:34:22-80
32    <uses-permission android:name="com.huawei.android.launcher.permission.CHANGE_BADGE" />
32-->[me.leolin:ShortcutBadger:1.1.22] AndroidManifest.xml:37:5-91
32-->[me.leolin:ShortcutBadger:1.1.22] AndroidManifest.xml:37:22-88
33    <uses-permission android:name="com.huawei.android.launcher.permission.READ_SETTINGS" />
33-->[me.leolin:ShortcutBadger:1.1.22] AndroidManifest.xml:38:5-92
33-->[me.leolin:ShortcutBadger:1.1.22] AndroidManifest.xml:38:22-89
34    <uses-permission android:name="com.huawei.android.launcher.permission.WRITE_SETTINGS" /> <!-- for ZUK -->
34-->[me.leolin:ShortcutBadger:1.1.22] AndroidManifest.xml:39:5-93
34-->[me.leolin:ShortcutBadger:1.1.22] AndroidManifest.xml:39:22-90
35    <uses-permission android:name="android.permission.READ_APP_BADGE" /> <!-- for OPPO -->
35-->[me.leolin:ShortcutBadger:1.1.22] AndroidManifest.xml:42:5-73
35-->[me.leolin:ShortcutBadger:1.1.22] AndroidManifest.xml:42:22-70
36    <uses-permission android:name="com.oppo.launcher.permission.READ_SETTINGS" />
36-->[me.leolin:ShortcutBadger:1.1.22] AndroidManifest.xml:45:5-82
36-->[me.leolin:ShortcutBadger:1.1.22] AndroidManifest.xml:45:22-79
37    <uses-permission android:name="com.oppo.launcher.permission.WRITE_SETTINGS" /> <!-- for EvMe -->
37-->[me.leolin:ShortcutBadger:1.1.22] AndroidManifest.xml:46:5-83
37-->[me.leolin:ShortcutBadger:1.1.22] AndroidManifest.xml:46:22-80
38    <uses-permission android:name="me.everything.badger.permission.BADGE_COUNT_READ" />
38-->[me.leolin:ShortcutBadger:1.1.22] AndroidManifest.xml:49:5-88
38-->[me.leolin:ShortcutBadger:1.1.22] AndroidManifest.xml:49:22-85
39    <uses-permission android:name="me.everything.badger.permission.BADGE_COUNT_WRITE" />
39-->[me.leolin:ShortcutBadger:1.1.22] AndroidManifest.xml:50:5-89
39-->[me.leolin:ShortcutBadger:1.1.22] AndroidManifest.xml:50:22-86
40
41    <application
41-->src/main/AndroidManifest.xml:8:5-26:19
42        android:name="com.tasky.MainApplication"
42-->src/main/AndroidManifest.xml:9:7-38
43        android:allowBackup="false"
43-->src/main/AndroidManifest.xml:13:7-34
44        android:appComponentFactory="androidx.core.app.CoreComponentFactory"
44-->[androidx.core:core:1.5.0] AndroidManifest.xml:24:18-86
45        android:debuggable="true"
46        android:icon="@mipmap/ic_launcher"
46-->src/main/AndroidManifest.xml:11:7-41
47        android:label="@string/app_name"
47-->src/main/AndroidManifest.xml:10:7-39
48        android:roundIcon="@mipmap/ic_launcher_round"
48-->src/main/AndroidManifest.xml:12:7-52
49        android:theme="@style/AppTheme"
49-->src/main/AndroidManifest.xml:14:7-38
50        android:usesCleartextTraffic="true" >
50-->src/debug/AndroidManifest.xml:8:9-44
51        <activity android:name="com.facebook.react.devsupport.DevSettingsActivity" />
51-->src/debug/AndroidManifest.xml:11:9-86
51-->src/debug/AndroidManifest.xml:11:19-83
52        <activity
52-->src/main/AndroidManifest.xml:15:7-25:18
53            android:name="com.tasky.MainActivity"
53-->src/main/AndroidManifest.xml:16:9-37
54            android:configChanges="keyboard|keyboardHidden|orientation|screenSize|uiMode"
54-->src/main/AndroidManifest.xml:18:9-86
55            android:label="@string/app_name"
55-->src/main/AndroidManifest.xml:17:9-41
56            android:launchMode="singleTop"
56-->src/main/AndroidManifest.xml:19:9-39
57            android:windowSoftInputMode="adjustResize" >
57-->src/main/AndroidManifest.xml:20:9-51
58            <intent-filter>
58-->src/main/AndroidManifest.xml:21:9-24:25
59                <action android:name="android.intent.action.MAIN" />
59-->src/main/AndroidManifest.xml:22:13-65
59-->src/main/AndroidManifest.xml:22:21-62
60
61                <category android:name="android.intent.category.LAUNCHER" />
61-->src/main/AndroidManifest.xml:23:13-73
61-->src/main/AndroidManifest.xml:23:23-70
62            </intent-filter>
63        </activity>
64
65        <service android:name="io.invertase.firebase.messaging.ReactNativeFirebaseMessagingHeadlessService" />
65-->[:react-native-firebase_messaging] AndroidManifest.xml:14:9-111
65-->[:react-native-firebase_messaging] AndroidManifest.xml:14:18-108
66        <service
66-->[:react-native-firebase_messaging] AndroidManifest.xml:15:9-21:19
67            android:name="io.invertase.firebase.messaging.ReactNativeFirebaseMessagingService"
67-->[:react-native-firebase_messaging] AndroidManifest.xml:16:13-95
68            android:exported="false" >
68-->[:react-native-firebase_messaging] AndroidManifest.xml:17:13-37
69            <intent-filter>
69-->[:react-native-firebase_messaging] AndroidManifest.xml:18:13-20:29
70                <action android:name="com.google.firebase.MESSAGING_EVENT" />
70-->[:react-native-firebase_messaging] AndroidManifest.xml:19:17-78
70-->[:react-native-firebase_messaging] AndroidManifest.xml:19:25-75
71            </intent-filter>
72        </service>
73
74        <receiver
74-->[:react-native-firebase_messaging] AndroidManifest.xml:23:9-30:20
75            android:name="io.invertase.firebase.messaging.ReactNativeFirebaseMessagingReceiver"
75-->[:react-native-firebase_messaging] AndroidManifest.xml:24:13-96
76            android:exported="true"
76-->[:react-native-firebase_messaging] AndroidManifest.xml:25:13-36
77            android:permission="com.google.android.c2dm.permission.SEND" >
77-->[:react-native-firebase_messaging] AndroidManifest.xml:26:13-73
78            <intent-filter>
78-->[:react-native-firebase_messaging] AndroidManifest.xml:27:13-29:29
79                <action android:name="com.google.android.c2dm.intent.RECEIVE" />
79-->[:react-native-firebase_messaging] AndroidManifest.xml:28:17-81
79-->[:react-native-firebase_messaging] AndroidManifest.xml:28:25-78
80            </intent-filter>
81        </receiver>
82
83        <meta-data
83-->[:react-native-firebase_messaging] AndroidManifest.xml:32:9-34:36
84            android:name="firebase_messaging_auto_init_enabled"
84-->[:react-native-firebase_messaging] AndroidManifest.xml:33:13-64
85            android:value="true" />
85-->[:react-native-firebase_messaging] AndroidManifest.xml:34:13-33
86        <meta-data
86-->[:react-native-firebase_messaging] AndroidManifest.xml:35:9-37:32
87            android:name="com.google.firebase.messaging.default_notification_channel_id"
87-->[:react-native-firebase_messaging] AndroidManifest.xml:36:13-89
88            android:value="" />
88-->[:react-native-firebase_messaging] AndroidManifest.xml:37:13-29
89        <meta-data
89-->[:react-native-firebase_messaging] AndroidManifest.xml:38:9-40:47
90            android:name="com.google.firebase.messaging.default_notification_color"
90-->[:react-native-firebase_messaging] AndroidManifest.xml:39:13-84
91            android:resource="@color/white" />
91-->[:react-native-firebase_messaging] AndroidManifest.xml:40:13-44
92        <meta-data
92-->[:react-native-firebase_app] AndroidManifest.xml:10:9-12:36
93            android:name="app_data_collection_default_enabled"
93-->[:react-native-firebase_app] AndroidManifest.xml:11:13-63
94            android:value="true" />
94-->[:react-native-firebase_app] AndroidManifest.xml:12:13-33
95
96        <service
96-->[:react-native-firebase_app] AndroidManifest.xml:14:9-18:19
97            android:name="com.google.firebase.components.ComponentDiscoveryService"
97-->[:react-native-firebase_app] AndroidManifest.xml:14:18-89
98            android:directBootAware="true"
98-->[com.google.firebase:firebase-common:20.0.0] AndroidManifest.xml:35:13-43
99            android:exported="false" >
99-->[com.google.firebase:firebase-auth:21.0.1] AndroidManifest.xml:76:13-37
100            <meta-data
100-->[:react-native-firebase_app] AndroidManifest.xml:15:13-17:85
101                android:name="com.google.firebase.components:io.invertase.firebase.app.ReactNativeFirebaseAppRegistrar"
101-->[:react-native-firebase_app] AndroidManifest.xml:16:17-120
102                android:value="com.google.firebase.components.ComponentRegistrar" />
102-->[:react-native-firebase_app] AndroidManifest.xml:17:17-82
103            <meta-data
103-->[com.google.firebase:firebase-auth:21.0.1] AndroidManifest.xml:77:13-79:85
104                android:name="com.google.firebase.components:com.google.firebase.auth.FirebaseAuthRegistrar"
104-->[com.google.firebase:firebase-auth:21.0.1] AndroidManifest.xml:78:17-109
105                android:value="com.google.firebase.components.ComponentRegistrar" />
105-->[com.google.firebase:firebase-auth:21.0.1] AndroidManifest.xml:79:17-82
106            <meta-data
106-->[com.google.firebase:firebase-messaging:23.0.0] AndroidManifest.xml:52:13-54:85
107                android:name="com.google.firebase.components:com.google.firebase.messaging.FirebaseMessagingRegistrar"
107-->[com.google.firebase:firebase-messaging:23.0.0] AndroidManifest.xml:53:17-119
108                android:value="com.google.firebase.components.ComponentRegistrar" />
108-->[com.google.firebase:firebase-messaging:23.0.0] AndroidManifest.xml:54:17-82
109            <meta-data
109-->[com.google.firebase:firebase-datatransport:18.0.0] AndroidManifest.xml:28:13-30:85
110                android:name="com.google.firebase.components:com.google.firebase.datatransport.TransportRegistrar"
110-->[com.google.firebase:firebase-datatransport:18.0.0] AndroidManifest.xml:29:17-115
111                android:value="com.google.firebase.components.ComponentRegistrar" />
111-->[com.google.firebase:firebase-datatransport:18.0.0] AndroidManifest.xml:30:17-82
112            <meta-data
112-->[com.google.firebase:firebase-installations:17.0.0] AndroidManifest.xml:18:13-20:85
113                android:name="com.google.firebase.components:com.google.firebase.installations.FirebaseInstallationsRegistrar"
113-->[com.google.firebase:firebase-installations:17.0.0] AndroidManifest.xml:19:17-127
114                android:value="com.google.firebase.components.ComponentRegistrar" />
114-->[com.google.firebase:firebase-installations:17.0.0] AndroidManifest.xml:20:17-82
115        </service>
116
117        <provider
117-->[:react-native-firebase_app] AndroidManifest.xml:20:9-24:38
118            android:name="io.invertase.firebase.app.ReactNativeFirebaseAppInitProvider"
118-->[:react-native-firebase_app] AndroidManifest.xml:21:13-88
119            android:authorities="com.tasky.reactnativefirebaseappinitprovider"
119-->[:react-native-firebase_app] AndroidManifest.xml:22:13-86
120            android:exported="false"
120-->[:react-native-firebase_app] AndroidManifest.xml:23:13-37
121            android:initOrder="99" />
121-->[:react-native-firebase_app] AndroidManifest.xml:24:13-35
122
123        <activity
123-->[com.google.firebase:firebase-auth:21.0.1] AndroidManifest.xml:27:9-44:20
124            android:name="com.google.firebase.auth.internal.GenericIdpActivity"
124-->[com.google.firebase:firebase-auth:21.0.1] AndroidManifest.xml:28:13-80
125            android:excludeFromRecents="true"
125-->[com.google.firebase:firebase-auth:21.0.1] AndroidManifest.xml:29:13-46
126            android:exported="true"
126-->[com.google.firebase:firebase-auth:21.0.1] AndroidManifest.xml:30:13-36
127            android:launchMode="singleTask"
127-->[com.google.firebase:firebase-auth:21.0.1] AndroidManifest.xml:31:13-44
128            android:theme="@android:style/Theme.Translucent.NoTitleBar" >
128-->[com.google.firebase:firebase-auth:21.0.1] AndroidManifest.xml:32:13-72
129            <intent-filter>
129-->[com.google.firebase:firebase-auth:21.0.1] AndroidManifest.xml:33:13-43:29
130                <action android:name="android.intent.action.VIEW" />
130-->[com.google.firebase:firebase-auth:21.0.1] AndroidManifest.xml:34:17-69
130-->[com.google.firebase:firebase-auth:21.0.1] AndroidManifest.xml:34:25-66
131
132                <category android:name="android.intent.category.DEFAULT" />
132-->[com.google.firebase:firebase-auth:21.0.1] AndroidManifest.xml:36:17-76
132-->[com.google.firebase:firebase-auth:21.0.1] AndroidManifest.xml:36:27-73
133                <category android:name="android.intent.category.BROWSABLE" />
133-->[com.google.firebase:firebase-auth:21.0.1] AndroidManifest.xml:37:17-78
133-->[com.google.firebase:firebase-auth:21.0.1] AndroidManifest.xml:37:27-75
134
135                <data
135-->[com.google.firebase:firebase-auth:21.0.1] AndroidManifest.xml:39:17-42:51
136                    android:host="firebase.auth"
136-->[com.google.firebase:firebase-auth:21.0.1] AndroidManifest.xml:40:21-49
137                    android:path="/"
137-->[com.google.firebase:firebase-auth:21.0.1] AndroidManifest.xml:41:21-37
138                    android:scheme="genericidp" />
138-->[com.google.firebase:firebase-auth:21.0.1] AndroidManifest.xml:42:21-48
139            </intent-filter>
140        </activity>
141        <activity
141-->[com.google.firebase:firebase-auth:21.0.1] AndroidManifest.xml:45:9-62:20
142            android:name="com.google.firebase.auth.internal.RecaptchaActivity"
142-->[com.google.firebase:firebase-auth:21.0.1] AndroidManifest.xml:46:13-79
143            android:excludeFromRecents="true"
143-->[com.google.firebase:firebase-auth:21.0.1] AndroidManifest.xml:47:13-46
144            android:exported="true"
144-->[com.google.firebase:firebase-auth:21.0.1] AndroidManifest.xml:48:13-36
145            android:launchMode="singleTask"
145-->[com.google.firebase:firebase-auth:21.0.1] AndroidManifest.xml:49:13-44
146            android:theme="@android:style/Theme.Translucent.NoTitleBar" >
146-->[com.google.firebase:firebase-auth:21.0.1] AndroidManifest.xml:50:13-72
147            <intent-filter>
147-->[com.google.firebase:firebase-auth:21.0.1] AndroidManifest.xml:51:13-61:29
148                <action android:name="android.intent.action.VIEW" />
148-->[com.google.firebase:firebase-auth:21.0.1] AndroidManifest.xml:34:17-69
148-->[com.google.firebase:firebase-auth:21.0.1] AndroidManifest.xml:34:25-66
149
150                <category android:name="android.intent.category.DEFAULT" />
150-->[com.google.firebase:firebase-auth:21.0.1] AndroidManifest.xml:36:17-76
150-->[com.google.firebase:firebase-auth:21.0.1] AndroidManifest.xml:36:27-73
151                <category android:name="android.intent.category.BROWSABLE" />
151-->[com.google.firebase:firebase-auth:21.0.1] AndroidManifest.xml:37:17-78
151-->[com.google.firebase:firebase-auth:21.0.1] AndroidManifest.xml:37:27-75
152
153                <data
153-->[com.google.firebase:firebase-auth:21.0.1] AndroidManifest.xml:39:17-42:51
154                    android:host="firebase.auth"
154-->[com.google.firebase:firebase-auth:21.0.1] AndroidManifest.xml:40:21-49
155                    android:path="/"
155-->[com.google.firebase:firebase-auth:21.0.1] AndroidManifest.xml:41:21-37
156                    android:scheme="recaptcha" />
156-->[com.google.firebase:firebase-auth:21.0.1] AndroidManifest.xml:42:21-48
157            </intent-filter>
158        </activity>
159
160        <service
160-->[com.google.firebase:firebase-auth:21.0.1] AndroidManifest.xml:64:9-73:19
161            android:name="com.google.firebase.auth.api.fallback.service.FirebaseAuthFallbackService"
161-->[com.google.firebase:firebase-auth:21.0.1] AndroidManifest.xml:65:13-101
162            android:enabled="true"
162-->[com.google.firebase:firebase-auth:21.0.1] AndroidManifest.xml:66:13-35
163            android:exported="false" >
163-->[com.google.firebase:firebase-auth:21.0.1] AndroidManifest.xml:67:13-37
164            <intent-filter>
164-->[com.google.firebase:firebase-auth:21.0.1] AndroidManifest.xml:68:13-72:29
165                <action android:name="com.google.firebase.auth.api.gms.service.START" />
165-->[com.google.firebase:firebase-auth:21.0.1] AndroidManifest.xml:69:17-89
165-->[com.google.firebase:firebase-auth:21.0.1] AndroidManifest.xml:69:25-86
166
167                <category android:name="android.intent.category.DEFAULT" />
167-->[com.google.firebase:firebase-auth:21.0.1] AndroidManifest.xml:36:17-76
167-->[com.google.firebase:firebase-auth:21.0.1] AndroidManifest.xml:36:27-73
168            </intent-filter>
169        </service>
170
171        <receiver
171-->[com.google.firebase:firebase-messaging:23.0.0] AndroidManifest.xml:28:9-35:20
172            android:name="com.google.firebase.iid.FirebaseInstanceIdReceiver"
172-->[com.google.firebase:firebase-messaging:23.0.0] AndroidManifest.xml:29:13-78
173            android:exported="true"
173-->[com.google.firebase:firebase-messaging:23.0.0] AndroidManifest.xml:30:13-36
174            android:permission="com.google.android.c2dm.permission.SEND" >
174-->[com.google.firebase:firebase-messaging:23.0.0] AndroidManifest.xml:31:13-73
175            <intent-filter>
175-->[:react-native-firebase_messaging] AndroidManifest.xml:27:13-29:29
176                <action android:name="com.google.android.c2dm.intent.RECEIVE" />
176-->[:react-native-firebase_messaging] AndroidManifest.xml:28:17-81
176-->[:react-native-firebase_messaging] AndroidManifest.xml:28:25-78
177            </intent-filter>
178        </receiver>
179        <!--
180             FirebaseMessagingService performs security checks at runtime,
181             but set to not exported to explicitly avoid allowing another app to call it.
182        -->
183        <service
183-->[com.google.firebase:firebase-messaging:23.0.0] AndroidManifest.xml:41:9-48:19
184            android:name="com.google.firebase.messaging.FirebaseMessagingService"
184-->[com.google.firebase:firebase-messaging:23.0.0] AndroidManifest.xml:42:13-82
185            android:directBootAware="true"
185-->[com.google.firebase:firebase-messaging:23.0.0] AndroidManifest.xml:43:13-43
186            android:exported="false" >
186-->[com.google.firebase:firebase-messaging:23.0.0] AndroidManifest.xml:44:13-37
187            <intent-filter android:priority="-500" >
187-->[:react-native-firebase_messaging] AndroidManifest.xml:18:13-20:29
188                <action android:name="com.google.firebase.MESSAGING_EVENT" />
188-->[:react-native-firebase_messaging] AndroidManifest.xml:19:17-78
188-->[:react-native-firebase_messaging] AndroidManifest.xml:19:25-75
189            </intent-filter>
190        </service>
191        <service
191-->[com.google.android.datatransport:transport-backend-cct:3.0.0] AndroidManifest.xml:29:9-35:19
192            android:name="com.google.android.datatransport.runtime.backends.TransportBackendDiscovery"
192-->[com.google.android.datatransport:transport-backend-cct:3.0.0] AndroidManifest.xml:30:13-103
193            android:exported="false" >
193-->[com.google.android.datatransport:transport-backend-cct:3.0.0] AndroidManifest.xml:31:13-37
194            <meta-data
194-->[com.google.android.datatransport:transport-backend-cct:3.0.0] AndroidManifest.xml:32:13-34:39
195                android:name="backend:com.google.android.datatransport.cct.CctBackendFactory"
195-->[com.google.android.datatransport:transport-backend-cct:3.0.0] AndroidManifest.xml:33:17-94
196                android:value="cct" />
196-->[com.google.android.datatransport:transport-backend-cct:3.0.0] AndroidManifest.xml:34:17-36
197        </service>
198        <service
198-->[com.google.android.datatransport:transport-runtime:3.0.0] AndroidManifest.xml:26:9-30:19
199            android:name="com.google.android.datatransport.runtime.scheduling.jobscheduling.JobInfoSchedulerService"
199-->[com.google.android.datatransport:transport-runtime:3.0.0] AndroidManifest.xml:27:13-117
200            android:exported="false"
200-->[com.google.android.datatransport:transport-runtime:3.0.0] AndroidManifest.xml:28:13-37
201            android:permission="android.permission.BIND_JOB_SERVICE" >
201-->[com.google.android.datatransport:transport-runtime:3.0.0] AndroidManifest.xml:29:13-69
202        </service>
203
204        <receiver
204-->[com.google.android.datatransport:transport-runtime:3.0.0] AndroidManifest.xml:32:9-34:40
205            android:name="com.google.android.datatransport.runtime.scheduling.jobscheduling.AlarmManagerSchedulerBroadcastReceiver"
205-->[com.google.android.datatransport:transport-runtime:3.0.0] AndroidManifest.xml:33:13-132
206            android:exported="false" />
206-->[com.google.android.datatransport:transport-runtime:3.0.0] AndroidManifest.xml:34:13-37
207
208        <activity
208-->[com.google.android.gms:play-services-auth:20.1.0] AndroidManifest.xml:23:9-27:75
209            android:name="com.google.android.gms.auth.api.signin.internal.SignInHubActivity"
209-->[com.google.android.gms:play-services-auth:20.1.0] AndroidManifest.xml:24:13-93
210            android:excludeFromRecents="true"
210-->[com.google.android.gms:play-services-auth:20.1.0] AndroidManifest.xml:25:13-46
211            android:exported="false"
211-->[com.google.android.gms:play-services-auth:20.1.0] AndroidManifest.xml:26:13-37
212            android:theme="@android:style/Theme.Translucent.NoTitleBar" />
212-->[com.google.android.gms:play-services-auth:20.1.0] AndroidManifest.xml:27:13-72
213        <!--
214            Service handling Google Sign-In user revocation. For apps that do not integrate with
215            Google Sign-In, this service will never be started.
216        -->
217        <service
217-->[com.google.android.gms:play-services-auth:20.1.0] AndroidManifest.xml:33:9-37:51
218            android:name="com.google.android.gms.auth.api.signin.RevocationBoundService"
218-->[com.google.android.gms:play-services-auth:20.1.0] AndroidManifest.xml:34:13-89
219            android:exported="true"
219-->[com.google.android.gms:play-services-auth:20.1.0] AndroidManifest.xml:35:13-36
220            android:permission="com.google.android.gms.auth.api.signin.permission.REVOCATION_NOTIFICATION"
220-->[com.google.android.gms:play-services-auth:20.1.0] AndroidManifest.xml:36:13-107
221            android:visibleToInstantApps="true" />
221-->[com.google.android.gms:play-services-auth:20.1.0] AndroidManifest.xml:37:13-48
222
223        <activity
223-->[com.google.android.gms:play-services-base:18.0.1] AndroidManifest.xml:20:9-22:45
224            android:name="com.google.android.gms.common.api.GoogleApiActivity"
224-->[com.google.android.gms:play-services-base:18.0.1] AndroidManifest.xml:20:19-85
225            android:exported="false"
225-->[com.google.android.gms:play-services-base:18.0.1] AndroidManifest.xml:22:19-43
226            android:theme="@android:style/Theme.Translucent.NoTitleBar" />
226-->[com.google.android.gms:play-services-base:18.0.1] AndroidManifest.xml:21:19-78
227
228        <provider
228-->[com.google.firebase:firebase-common:20.0.0] AndroidManifest.xml:26:9-31:39
229            android:name="com.google.firebase.provider.FirebaseInitProvider"
229-->[com.google.firebase:firebase-common:20.0.0] AndroidManifest.xml:27:13-77
230            android:authorities="com.tasky.firebaseinitprovider"
230-->[com.google.firebase:firebase-common:20.0.0] AndroidManifest.xml:28:13-72
231            android:directBootAware="true"
231-->[com.google.firebase:firebase-common:20.0.0] AndroidManifest.xml:29:13-43
232            android:exported="false"
232-->[com.google.firebase:firebase-common:20.0.0] AndroidManifest.xml:30:13-37
233            android:initOrder="100" />
233-->[com.google.firebase:firebase-common:20.0.0] AndroidManifest.xml:31:13-36
234
235        <meta-data
235-->[com.google.android.gms:play-services-basement:18.0.0] AndroidManifest.xml:21:9-23:69
236            android:name="com.google.android.gms.version"
236-->[com.google.android.gms:play-services-basement:18.0.0] AndroidManifest.xml:22:13-58
237            android:value="@integer/google_play_services_version" />
237-->[com.google.android.gms:play-services-basement:18.0.0] AndroidManifest.xml:23:13-66
238    </application>
239
240</manifest>